<?xml version="1.0" encoding="UTF-8"?>
<!-- Generated by org.testng.reporters.JUnitXMLReporter -->
<testsuite ignored="0" hostname="LAPTOP-OO0DI5VI" failures="0" tests="3" name="Default test" time="41.316" errors="0" timestamp="2026-03-13T10:30:11 IST">
  <testcase classname="com.comcast.crm.orgtest.Pom.TestNGBAseClass.CreateOrganizationTest" name="createOrganizationTest" time="10.447"/>
  <testcase classname="com.comcast.crm.orgtest.Pom.TestNGBAseClass.CreateOrganizationTest" name="createOrganizationWithIndustrriesTest" time="4.863"/>
  <testcase classname="com.comcast.crm.orgtest.Pom.TestNGBAseClass.CreateOrganizationTest" name="createOrganizationWithPhoneNumber" time="6.396"/>
</testsuite> <!-- Default test -->
