<?xml version="1.0" encoding="UTF-8"?>
<!-- Generated by org.testng.reporters.JUnitXMLReporter -->
<testsuite ignored="0" hostname="LAPTOP-OO0DI5VI" failures="0" tests="3" name="Default test" time="22.612" errors="0" timestamp="2026-03-17T15:34:37 IST">
  <testcase classname="com.comcast.crm.orgtest.Pom.TestNGBAseClass.CreateOrganizationTest" name="createOrganizationTest" time="6.604"/>
  <testcase classname="com.comcast.crm.orgtest.Pom.TestNGBAseClass.CreateOrganizationTest" name="createOrganizationWithIndustrriesTest" time="2.156"/>
  <testcase classname="com.comcast.crm.orgtest.Pom.TestNGBAseClass.CreateOrganizationTest" name="createOrganizationWithPhoneNumber" time="3.29"/>
</testsuite> <!-- Default test -->
