<?xml version="1.0" encoding="UTF-8"?>
<!-- Generated by org.testng.reporters.JUnitXMLReporter -->
<testsuite ignored="2" hostname="LAPTOP-OO0DI5VI" failures="0" tests="6" name="Test" time="60.401" errors="0" timestamp="2026-03-17T15:54:33 IST">
  <testcase classname="com.comcast.crm.basetest.BaseClass" name="@AfterMethod configAM" time="0.282">
    <failure type="org.openqa.selenium.NoSuchElementException" message="Unable to find element with locator By.linkText: Sign Out
For documentation on this error, please visit: https://www.selenium.dev/documentation/webdriver/troubleshooting/errors#no-such-element-exception
Build info: version: &amp;apos;4.34.0&amp;apos;, revision: &amp;apos;707dcb4246*&amp;apos;
System info: os.name: &amp;apos;Windows 11&amp;apos;, os.arch: &amp;apos;amd64&amp;apos;, os.version: &amp;apos;10.0&amp;apos;, java.version: &amp;apos;21.0.7&amp;apos;
Driver info: driver.version: RemoteWebDriver">
      <![CDATA[org.openqa.selenium.NoSuchElementException: Unable to find element with locator By.linkText: Sign Out
For documentation on this error, please visit: https://www.selenium.dev/documentation/webdriver/troubleshooting/errors#no-such-element-exception
Build info: version: '4.34.0', revision: '707dcb4246*'
System info: os.name: 'Windows 11', os.arch: 'amd64', os.version: '10.0', java.version: '21.0.7'
Driver info: driver.version: RemoteWebDriver
at org.openqa.selenium.remote.ElementLocation$ElementFinder$2.findElement(ElementLocation.java:168)
at org.openqa.selenium.remote.ElementLocation.findElement(ElementLocation.java:59)
at org.openqa.selenium.remote.RemoteWebDriver.findElement(RemoteWebDriver.java:367)
at org.openqa.selenium.remote.RemoteWebDriver.findElement(RemoteWebDriver.java:361)
at org.openqa.selenium.support.pagefactory.DefaultElementLocator.findElement(DefaultElementLocator.java:68)
at org.openqa.selenium.support.pagefactory.internal.LocatingElementHandler.invoke(LocatingElementHandler.java:38)
at jdk.proxy2/jdk.proxy2.$Proxy16.click(Unknown Source)
at com.comcast.crm.objectrepository.utility.HomePage.logout(HomePage.java:85)
at com.comcast.crm.basetest.BaseClass.configAM(BaseClass.java:95)
at java.base/java.util.ArrayList.forEach(ArrayList.java:1596)
... Removed 30 stack frames]]>
    </failure>
  </testcase> <!-- @AfterMethod configAM -->
  <testcase classname="com.comcast.crm.basetest.BaseClass" name="@BeforeMethod configBM" time="0.0">
    <skipped/>
  </testcase> <!-- @BeforeMethod configBM -->
  <testcase classname="com.comcast.crm.basetest.BaseClass" name="@AfterMethod configAM" time="0.0">
    <skipped/>
  </testcase> <!-- @AfterMethod configAM -->
  <testcase classname="com.comcast.crm.basetest.BaseClass" name="@AfterClass confiAC" time="0.0">
    <skipped/>
  </testcase> <!-- @AfterClass confiAC -->
  <testcase classname="com.comcast.crm.orgtest.Pom.TestNGBAseClass.CreateOrganizationTest" name="createOrganizationTest" time="5.909"/>
  <testcase classname="com.comcast.crm.orgtest.Pom.TestNGBAseClass.CreateOrganizationTest" name="createOrganizationWithIndustrriesTest" time="2.179"/>
  <testcase classname="com.comcast.crm.orgtest.Pom.TestNGBAseClass.CreateOrganizationTest" name="createOrganizationWithPhoneNumber" time="0.0">
    <skipped/>
  </testcase> <!-- createOrganizationWithPhoneNumber -->
  <testcase classname="com.comcast.crm.contacttest.POM.TestNGBAseClass.CreateContactTest" name="createContactTest" time="3.958"/>
  <testcase classname="com.comcast.crm.contacttest.POM.TestNGBAseClass.CreateContactTest" name="createContactWithOrganization" time="29.56"/>
  <testcase classname="com.comcast.crm.contacttest.POM.TestNGBAseClass.CreateContactTest" name="createContactWithSupportDateTest" time="3.341"/>
  <testcase classname="com.comcast.crm.basetest.BaseClass" name="@BeforeSuite configBS" time="0.0">
    <ignored/>
  </testcase> <!-- @BeforeSuite configBS -->
  <testcase classname="com.comcast.crm.basetest.BaseClass" name="@AfterSuite configAS" time="0.0">
    <ignored/>
  </testcase> <!-- @AfterSuite configAS -->
</testsuite> <!-- Test -->
