<?xml version="1.0" encoding="UTF-8"?>
<!-- Generated by org.testng.reporters.JUnitXMLReporter -->
<testsuite ignored="2" hostname="LAPTOP-OO0DI5VI" failures="0" tests="6" name="TestRunner-Chrome" time="46.819" errors="0" timestamp="2026-02-25T11:04:27 IST">
  <testcase classname="com.comcast.crm.contacttest.POM.TestNGBAseClass.CreateContactTestGroupExecution" name="createContactTest" time="5.298"/>
  <testcase classname="com.comcast.crm.contacttest.POM.TestNGBAseClass.CreateContactTestGroupExecution" name="createContactWithOrganization" time="7.949"/>
  <testcase classname="com.comcast.crm.contacttest.POM.TestNGBAseClass.CreateContactTestGroupExecution" name="createContactWithSupportDateTest" time="3.404"/>
  <testcase classname="com.comcast.crm.orgtest.Pom.TestNGBAseClass.CreateOrganizationTestGroupExecution" name="createOrganizationTest" time="5.214"/>
  <testcase classname="com.comcast.crm.orgtest.Pom.TestNGBAseClass.CreateOrganizationTestGroupExecution" name="createOrganizationWithIndustrriesTest" time="2.001"/>
  <testcase classname="com.comcast.crm.orgtest.Pom.TestNGBAseClass.CreateOrganizationTestGroupExecution" name="createOrganizationWithPhoneNumber" time="3.284"/>
  <testcase classname="com.comcast.crm.basetest.BaseClassForGroup" name="@BeforeSuite configBS" time="0.0">
    <ignored/>
  </testcase> <!-- @BeforeSuite configBS -->
  <testcase classname="com.comcast.crm.basetest.BaseClassForGroup" name="@AfterSuite configAS" time="0.0">
    <ignored/>
  </testcase> <!-- @AfterSuite configAS -->
</testsuite> <!-- TestRunner-Chrome -->
