<?xml version="1.0" encoding="UTF-8"?>
<!-- Generated by org.testng.reporters.JUnitXMLReporter -->
<testsuite ignored="0" hostname="LAPTOP-OO0DI5VI" failures="0" tests="3" name="Test-1" time="29.703" errors="0" timestamp="2026-02-24T16:12:01 IST">
  <testcase classname="com.comcast.crm.contacttest.POM.TestNGBAseClass.CreateContactTestGroupExecution" name="createContactTest" time="5.033"/>
  <testcase classname="com.comcast.crm.contacttest.POM.TestNGBAseClass.CreateContactTestGroupExecution" name="createContactWithOrganization" time="8.665"/>
  <testcase classname="com.comcast.crm.contacttest.POM.TestNGBAseClass.CreateContactTestGroupExecution" name="createContactWithSupportDateTest" time="3.598"/>
</testsuite> <!-- Test-1 -->
