<?xml version="1.0" encoding="UTF-8"?>
<!-- Generated by org.testng.reporters.JUnitXMLReporter -->
<testsuite ignored="2" hostname="LAPTOP-OO0DI5VI" failures="0" tests="1" name="Test" time="22.126" errors="0" timestamp="2026-03-11T12:26:59 IST">
  <testcase classname="com.comcast.crm.orgtest.Pom.TestNGBAseClass.ListnerClass.CreateOrganizationTest" name="createOrganizationTest" time="9.423"/>
  <testcase classname="com.comcast.crm.orgtest.Pom.TestNGBAseClass.ListnerClass.CreateOrganizationTest" name="createOrganizationWithIndustrriesTest" time="0.0">
    <ignored/>
  </testcase> <!-- createOrganizationWithIndustrriesTest -->
  <testcase classname="com.comcast.crm.orgtest.Pom.TestNGBAseClass.ListnerClass.CreateOrganizationTest" name="createOrganizationWithPhoneNumber" time="0.0">
    <ignored/>
  </testcase> <!-- createOrganizationWithPhoneNumber -->
</testsuite> <!-- Test -->
