<?xml version="1.0" encoding="UTF-8"?>
<testng-results ignored="0" total="6" passed="5" failed="0" skipped="1">
  <reporter-output>
  </reporter-output>
  <suite started-at="2026-03-17T15:53:33 IST" name="Suite" finished-at="2026-03-17T15:54:33 IST" duration-ms="60401">
    <groups>
    </groups>
    <test started-at="2026-03-17T15:53:33 IST" name="Test" finished-at="2026-03-17T15:54:33 IST" duration-ms="60401">
      <class name="com.comcast.crm.orgtest.Pom.TestNGBAseClass.CreateOrganizationTest">
        <test-method is-config="true" signature="configBS()[pri:0, instance:com.comcast.crm.orgtest.Pom.TestNGBAseClass.CreateOrganizationTest@1c1bbc4e]" started-at="2026-03-17T15:53:32 IST" name="configBS" finished-at="2026-03-17T15:53:33 IST" duration-ms="471" status="PASS">
          <reporter-output>
          </reporter-output>
        </test-method> <!-- configBS -->
        <test-method is-config="true" signature="confiBC()[pri:0, instance:com.comcast.crm.orgtest.Pom.TestNGBAseClass.CreateOrganizationTest@1c1bbc4e]" started-at="2026-03-17T15:53:33 IST" name="confiBC" finished-at="2026-03-17T15:53:34 IST" duration-ms="1037" status="PASS">
          <reporter-output>
          </reporter-output>
        </test-method> <!-- confiBC -->
        <test-method is-config="true" signature="configBM()[pri:0, instance:com.comcast.crm.orgtest.Pom.TestNGBAseClass.CreateOrganizationTest@1c1bbc4e]" started-at="2026-03-17T15:53:34 IST" name="configBM" finished-at="2026-03-17T15:53:37 IST" duration-ms="3197" status="PASS">
          <reporter-output>
          </reporter-output>
        </test-method> <!-- configBM -->
        <test-method signature="createOrganizationTest()[pri:0, instance:com.comcast.crm.orgtest.Pom.TestNGBAseClass.CreateOrganizationTest@1c1bbc4e]" started-at="2026-03-17T15:53:37 IST" name="createOrganizationTest" finished-at="2026-03-17T15:53:43 IST" duration-ms="5909" status="PASS">
          <reporter-output>
          </reporter-output>
        </test-method> <!-- createOrganizationTest -->
        <test-method is-config="true" signature="configAM()[pri:0, instance:com.comcast.crm.orgtest.Pom.TestNGBAseClass.CreateOrganizationTest@1c1bbc4e]" started-at="2026-03-17T15:53:43 IST" name="configAM" finished-at="2026-03-17T15:53:44 IST" duration-ms="771" status="PASS">
          <reporter-output>
          </reporter-output>
        </test-method> <!-- configAM -->
        <test-method is-config="true" signature="configBM()[pri:0, instance:com.comcast.crm.orgtest.Pom.TestNGBAseClass.CreateOrganizationTest@1c1bbc4e]" started-at="2026-03-17T15:53:44 IST" name="configBM" finished-at="2026-03-17T15:53:45 IST" duration-ms="1194" status="PASS">
          <reporter-output>
          </reporter-output>
        </test-method> <!-- configBM -->
        <test-method signature="createOrganizationWithIndustrriesTest()[pri:0, instance:com.comcast.crm.orgtest.Pom.TestNGBAseClass.CreateOrganizationTest@1c1bbc4e]" started-at="2026-03-17T15:53:45 IST" name="createOrganizationWithIndustrriesTest" finished-at="2026-03-17T15:53:47 IST" duration-ms="2179" status="PASS">
          <reporter-output>
          </reporter-output>
        </test-method> <!-- createOrganizationWithIndustrriesTest -->
        <test-method is-config="true" signature="configAM()[pri:0, instance:com.comcast.crm.orgtest.Pom.TestNGBAseClass.CreateOrganizationTest@1c1bbc4e]" started-at="2026-03-17T15:53:47 IST" name="configAM" finished-at="2026-03-17T15:53:48 IST" duration-ms="282" status="FAIL">
          <exception class="org.openqa.selenium.NoSuchElementException">
            <message>
              <![CDATA[Unable to find element with locator By.linkText: Sign Out
For documentation on this error, please visit: https://www.selenium.dev/documentation/webdriver/troubleshooting/errors#no-such-element-exception
Build info: version: '4.34.0', revision: '707dcb4246*'
System info: os.name: 'Windows 11', os.arch: 'amd64', os.version: '10.0', java.version: '21.0.7'
Driver info: driver.version: RemoteWebDriver]]>
            </message>
            <full-stacktrace>
              <![CDATA[org.openqa.selenium.NoSuchElementException: Unable to find element with locator By.linkText: Sign Out
For documentation on this error, please visit: https://www.selenium.dev/documentation/webdriver/troubleshooting/errors#no-such-element-exception
Build info: version: '4.34.0', revision: '707dcb4246*'
System info: os.name: 'Windows 11', os.arch: 'amd64', os.version: '10.0', java.version: '21.0.7'
Driver info: driver.version: RemoteWebDriver
at org.openqa.selenium.remote.ElementLocation$ElementFinder$2.findElement(ElementLocation.java:168)
at org.openqa.selenium.remote.ElementLocation.findElement(ElementLocation.java:59)
at org.openqa.selenium.remote.RemoteWebDriver.findElement(RemoteWebDriver.java:367)
at org.openqa.selenium.remote.RemoteWebDriver.findElement(RemoteWebDriver.java:361)
at org.openqa.selenium.support.pagefactory.DefaultElementLocator.findElement(DefaultElementLocator.java:68)
at org.openqa.selenium.support.pagefactory.internal.LocatingElementHandler.invoke(LocatingElementHandler.java:38)
at jdk.proxy2/jdk.proxy2.$Proxy16.click(Unknown Source)
at com.comcast.crm.objectrepository.utility.HomePage.logout(HomePage.java:85)
at com.comcast.crm.basetest.BaseClass.configAM(BaseClass.java:95)
at java.base/jdk.internal.reflect.DirectMethodHandleAccessor.invoke(DirectMethodHandleAccessor.java:103)
at java.base/java.lang.reflect.Method.invoke(Method.java:580)
at org.testng.internal.invokers.MethodInvocationHelper.invokeMethod(MethodInvocationHelper.java:141)
at org.testng.internal.invokers.MethodInvocationHelper.invokeMethodConsideringTimeout(MethodInvocationHelper.java:71)
at org.testng.internal.invokers.ConfigInvoker.invokeConfigurationMethod(ConfigInvoker.java:400)
at org.testng.internal.invokers.ConfigInvoker.invokeConfigurations(ConfigInvoker.java:333)
at org.testng.internal.invokers.TestInvoker.runConfigMethods(TestInvoker.java:836)
at org.testng.internal.invokers.TestInvoker.runAfterConfigurations(TestInvoker.java:805)
at org.testng.internal.invokers.TestInvoker.invokeMethod(TestInvoker.java:781)
at org.testng.internal.invokers.TestInvoker.invokeTestMethod(TestInvoker.java:230)
at org.testng.internal.invokers.MethodRunner.runInSequence(MethodRunner.java:63)
at org.testng.internal.invokers.TestInvoker$MethodInvocationAgent.invoke(TestInvoker.java:995)
at org.testng.internal.invokers.TestInvoker.invokeTestMethods(TestInvoker.java:203)
at org.testng.internal.invokers.TestMethodWorker.invokeTestMethods(TestMethodWorker.java:154)
at org.testng.internal.invokers.TestMethodWorker.run(TestMethodWorker.java:134)
at java.base/java.util.ArrayList.forEach(ArrayList.java:1596)
at org.testng.TestRunner.privateRun(TestRunner.java:741)
at org.testng.TestRunner.run(TestRunner.java:616)
at org.testng.SuiteRunner.runTest(SuiteRunner.java:421)
at org.testng.SuiteRunner.runSequentially(SuiteRunner.java:413)
at org.testng.SuiteRunner.privateRun(SuiteRunner.java:373)
at org.testng.SuiteRunner.run(SuiteRunner.java:312)
at org.testng.SuiteRunnerWorker.runSuite(SuiteRunnerWorker.java:52)
at org.testng.SuiteRunnerWorker.run(SuiteRunnerWorker.java:95)
at org.testng.TestNG.runSuitesSequentially(TestNG.java:1274)
at org.testng.TestNG.runSuitesLocally(TestNG.java:1208)
at org.testng.TestNG.runSuites(TestNG.java:1112)
at org.testng.TestNG.run(TestNG.java:1079)
at org.testng.remote.AbstractRemoteTestNG.run(AbstractRemoteTestNG.java:115)
at org.testng.remote.RemoteTestNG.initAndRun(RemoteTestNG.java:293)
at org.testng.remote.RemoteTestNG.main(RemoteTestNG.java:91)
]]>
            </full-stacktrace>
          </exception> <!-- org.openqa.selenium.NoSuchElementException -->
          <reporter-output>
          </reporter-output>
        </test-method> <!-- configAM -->
        <test-method signature="createOrganizationWithPhoneNumber()[pri:0, instance:com.comcast.crm.orgtest.Pom.TestNGBAseClass.CreateOrganizationTest@1c1bbc4e]" started-at="2026-03-17T15:53:48 IST" name="createOrganizationWithPhoneNumber" finished-at="2026-03-17T15:53:48 IST" duration-ms="0" status="SKIP">
          <exception class="org.openqa.selenium.NoSuchElementException">
            <message>
              <![CDATA[Unable to find element with locator By.linkText: Sign Out
For documentation on this error, please visit: https://www.selenium.dev/documentation/webdriver/troubleshooting/errors#no-such-element-exception
Build info: version: '4.34.0', revision: '707dcb4246*'
System info: os.name: 'Windows 11', os.arch: 'amd64', os.version: '10.0', java.version: '21.0.7'
Driver info: driver.version: RemoteWebDriver]]>
            </message>
            <full-stacktrace>
              <![CDATA[org.openqa.selenium.NoSuchElementException: Unable to find element with locator By.linkText: Sign Out
For documentation on this error, please visit: https://www.selenium.dev/documentation/webdriver/troubleshooting/errors#no-such-element-exception
Build info: version: '4.34.0', revision: '707dcb4246*'
System info: os.name: 'Windows 11', os.arch: 'amd64', os.version: '10.0', java.version: '21.0.7'
Driver info: driver.version: RemoteWebDriver
at org.openqa.selenium.remote.ElementLocation$ElementFinder$2.findElement(ElementLocation.java:168)
at org.openqa.selenium.remote.ElementLocation.findElement(ElementLocation.java:59)
at org.openqa.selenium.remote.RemoteWebDriver.findElement(RemoteWebDriver.java:367)
at org.openqa.selenium.remote.RemoteWebDriver.findElement(RemoteWebDriver.java:361)
at org.openqa.selenium.support.pagefactory.DefaultElementLocator.findElement(DefaultElementLocator.java:68)
at org.openqa.selenium.support.pagefactory.internal.LocatingElementHandler.invoke(LocatingElementHandler.java:38)
at jdk.proxy2/jdk.proxy2.$Proxy16.click(Unknown Source)
at com.comcast.crm.objectrepository.utility.HomePage.logout(HomePage.java:85)
at com.comcast.crm.basetest.BaseClass.configAM(BaseClass.java:95)
at java.base/jdk.internal.reflect.DirectMethodHandleAccessor.invoke(DirectMethodHandleAccessor.java:103)
at java.base/java.lang.reflect.Method.invoke(Method.java:580)
at org.testng.internal.invokers.MethodInvocationHelper.invokeMethod(MethodInvocationHelper.java:141)
at org.testng.internal.invokers.MethodInvocationHelper.invokeMethodConsideringTimeout(MethodInvocationHelper.java:71)
at org.testng.internal.invokers.ConfigInvoker.invokeConfigurationMethod(ConfigInvoker.java:400)
at org.testng.internal.invokers.ConfigInvoker.invokeConfigurations(ConfigInvoker.java:333)
at org.testng.internal.invokers.TestInvoker.runConfigMethods(TestInvoker.java:836)
at org.testng.internal.invokers.TestInvoker.runAfterConfigurations(TestInvoker.java:805)
at org.testng.internal.invokers.TestInvoker.invokeMethod(TestInvoker.java:781)
at org.testng.internal.invokers.TestInvoker.invokeTestMethod(TestInvoker.java:230)
at org.testng.internal.invokers.MethodRunner.runInSequence(MethodRunner.java:63)
at org.testng.internal.invokers.TestInvoker$MethodInvocationAgent.invoke(TestInvoker.java:995)
at org.testng.internal.invokers.TestInvoker.invokeTestMethods(TestInvoker.java:203)
at org.testng.internal.invokers.TestMethodWorker.invokeTestMethods(TestMethodWorker.java:154)
at org.testng.internal.invokers.TestMethodWorker.run(TestMethodWorker.java:134)
at java.base/java.util.ArrayList.forEach(ArrayList.java:1596)
at org.testng.TestRunner.privateRun(TestRunner.java:741)
at org.testng.TestRunner.run(TestRunner.java:616)
at org.testng.SuiteRunner.runTest(SuiteRunner.java:421)
at org.testng.SuiteRunner.runSequentially(SuiteRunner.java:413)
at org.testng.SuiteRunner.privateRun(SuiteRunner.java:373)
at org.testng.SuiteRunner.run(SuiteRunner.java:312)
at org.testng.SuiteRunnerWorker.runSuite(SuiteRunnerWorker.java:52)
at org.testng.SuiteRunnerWorker.run(SuiteRunnerWorker.java:95)
at org.testng.TestNG.runSuitesSequentially(TestNG.java:1274)
at org.testng.TestNG.runSuitesLocally(TestNG.java:1208)
at org.testng.TestNG.runSuites(TestNG.java:1112)
at org.testng.TestNG.run(TestNG.java:1079)
at org.testng.remote.AbstractRemoteTestNG.run(AbstractRemoteTestNG.java:115)
at org.testng.remote.RemoteTestNG.initAndRun(RemoteTestNG.java:293)
at org.testng.remote.RemoteTestNG.main(RemoteTestNG.java:91)
]]>
            </full-stacktrace>
          </exception> <!-- org.openqa.selenium.NoSuchElementException -->
          <reporter-output>
          </reporter-output>
        </test-method> <!-- createOrganizationWithPhoneNumber -->
        <test-method is-config="true" signature="configBM()[pri:0, instance:com.comcast.crm.orgtest.Pom.TestNGBAseClass.CreateOrganizationTest@1c1bbc4e]" started-at="2026-03-17T15:53:48 IST" name="configBM" finished-at="2026-03-17T15:53:48 IST" duration-ms="0" status="SKIP">
          <reporter-output>
          </reporter-output>
        </test-method> <!-- configBM -->
        <test-method is-config="true" signature="configAM()[pri:0, instance:com.comcast.crm.orgtest.Pom.TestNGBAseClass.CreateOrganizationTest@1c1bbc4e]" started-at="2026-03-17T15:53:48 IST" name="configAM" finished-at="2026-03-17T15:53:48 IST" duration-ms="0" status="SKIP">
          <reporter-output>
          </reporter-output>
        </test-method> <!-- configAM -->
        <test-method is-config="true" signature="confiAC()[pri:0, instance:com.comcast.crm.orgtest.Pom.TestNGBAseClass.CreateOrganizationTest@1c1bbc4e]" started-at="2026-03-17T15:53:48 IST" name="confiAC" finished-at="2026-03-17T15:53:48 IST" duration-ms="0" status="SKIP">
          <reporter-output>
          </reporter-output>
        </test-method> <!-- confiAC -->
        <test-method is-config="true" signature="configAS()[pri:0, instance:com.comcast.crm.orgtest.Pom.TestNGBAseClass.CreateOrganizationTest@1c1bbc4e]" started-at="2026-03-17T15:54:33 IST" name="configAS" finished-at="2026-03-17T15:54:33 IST" duration-ms="1" status="PASS">
          <reporter-output>
          </reporter-output>
        </test-method> <!-- configAS -->
      </class> <!-- com.comcast.crm.orgtest.Pom.TestNGBAseClass.CreateOrganizationTest -->
      <class name="com.comcast.crm.contacttest.POM.TestNGBAseClass.CreateContactTest">
        <test-method is-config="true" signature="confiBC()[pri:0, instance:com.comcast.crm.contacttest.POM.TestNGBAseClass.CreateContactTest@24269709]" started-at="2026-03-17T15:53:48 IST" name="confiBC" finished-at="2026-03-17T15:53:48 IST" duration-ms="741" status="PASS">
          <reporter-output>
          </reporter-output>
        </test-method> <!-- confiBC -->
        <test-method is-config="true" signature="configBM()[pri:0, instance:com.comcast.crm.contacttest.POM.TestNGBAseClass.CreateContactTest@24269709]" started-at="2026-03-17T15:53:48 IST" name="configBM" finished-at="2026-03-17T15:53:51 IST" duration-ms="3169" status="PASS">
          <reporter-output>
          </reporter-output>
        </test-method> <!-- configBM -->
        <test-method signature="createContactTest()[pri:0, instance:com.comcast.crm.contacttest.POM.TestNGBAseClass.CreateContactTest@24269709]" started-at="2026-03-17T15:53:51 IST" name="createContactTest" finished-at="2026-03-17T15:53:55 IST" duration-ms="3958" status="PASS">
          <reporter-output>
          </reporter-output>
        </test-method> <!-- createContactTest -->
        <test-method is-config="true" signature="configAM()[pri:0, instance:com.comcast.crm.contacttest.POM.TestNGBAseClass.CreateContactTest@24269709]" started-at="2026-03-17T15:53:55 IST" name="configAM" finished-at="2026-03-17T15:53:56 IST" duration-ms="724" status="PASS">
          <reporter-output>
          </reporter-output>
        </test-method> <!-- configAM -->
        <test-method is-config="true" signature="configBM()[pri:0, instance:com.comcast.crm.contacttest.POM.TestNGBAseClass.CreateContactTest@24269709]" started-at="2026-03-17T15:53:56 IST" name="configBM" finished-at="2026-03-17T15:53:57 IST" duration-ms="1174" status="PASS">
          <reporter-output>
          </reporter-output>
        </test-method> <!-- configBM -->
        <test-method signature="createContactWithOrganization()[pri:0, instance:com.comcast.crm.contacttest.POM.TestNGBAseClass.CreateContactTest@24269709]" started-at="2026-03-17T15:53:57 IST" name="createContactWithOrganization" finished-at="2026-03-17T15:54:27 IST" duration-ms="29560" status="PASS">
          <reporter-output>
          </reporter-output>
        </test-method> <!-- createContactWithOrganization -->
        <test-method is-config="true" signature="configAM()[pri:0, instance:com.comcast.crm.contacttest.POM.TestNGBAseClass.CreateContactTest@24269709]" started-at="2026-03-17T15:54:27 IST" name="configAM" finished-at="2026-03-17T15:54:28 IST" duration-ms="918" status="PASS">
          <reporter-output>
          </reporter-output>
        </test-method> <!-- configAM -->
        <test-method is-config="true" signature="configBM()[pri:0, instance:com.comcast.crm.contacttest.POM.TestNGBAseClass.CreateContactTest@24269709]" started-at="2026-03-17T15:54:28 IST" name="configBM" finished-at="2026-03-17T15:54:29 IST" duration-ms="1281" status="PASS">
          <reporter-output>
          </reporter-output>
        </test-method> <!-- configBM -->
        <test-method signature="createContactWithSupportDateTest()[pri:0, instance:com.comcast.crm.contacttest.POM.TestNGBAseClass.CreateContactTest@24269709]" started-at="2026-03-17T15:54:29 IST" name="createContactWithSupportDateTest" finished-at="2026-03-17T15:54:32 IST" duration-ms="3341" status="PASS">
          <reporter-output>
          </reporter-output>
        </test-method> <!-- createContactWithSupportDateTest -->
        <test-method is-config="true" signature="configAM()[pri:0, instance:com.comcast.crm.contacttest.POM.TestNGBAseClass.CreateContactTest@24269709]" started-at="2026-03-17T15:54:32 IST" name="configAM" finished-at="2026-03-17T15:54:33 IST" duration-ms="715" status="PASS">
          <reporter-output>
          </reporter-output>
        </test-method> <!-- configAM -->
        <test-method is-config="true" signature="confiAC()[pri:0, instance:com.comcast.crm.contacttest.POM.TestNGBAseClass.CreateContactTest@24269709]" started-at="2026-03-17T15:54:33 IST" name="confiAC" finished-at="2026-03-17T15:54:33 IST" duration-ms="206" status="PASS">
          <reporter-output>
          </reporter-output>
        </test-method> <!-- confiAC -->
      </class> <!-- com.comcast.crm.contacttest.POM.TestNGBAseClass.CreateContactTest -->
    </test> <!-- Test -->
  </suite> <!-- Suite -->
</testng-results>
