<?xml version="1.0" encoding="UTF-8"?>
<testng-results ignored="0" total="3" passed="3" failed="0" skipped="0">
  <reporter-output>
  </reporter-output>
  <suite started-at="2026-03-13T10:29:29 IST" name="Default suite" finished-at="2026-03-13T10:30:11 IST" duration-ms="41316">
    <groups>
    </groups>
    <test started-at="2026-03-13T10:29:29 IST" name="Default test" finished-at="2026-03-13T10:30:11 IST" duration-ms="41316">
      <class name="com.comcast.crm.orgtest.Pom.TestNGBAseClass.CreateOrganizationTest">
        <test-method is-config="true" signature="configBS()[pri:0, instance:com.comcast.crm.orgtest.Pom.TestNGBAseClass.CreateOrganizationTest@2cd76f31]" started-at="2026-03-13T10:29:28 IST" name="configBS" finished-at="2026-03-13T10:29:29 IST" duration-ms="1096" status="PASS">
          <reporter-output>
          </reporter-output>
        </test-method> <!-- configBS -->
        <test-method is-config="true" signature="confiBC()[pri:0, instance:com.comcast.crm.orgtest.Pom.TestNGBAseClass.CreateOrganizationTest@2cd76f31]" started-at="2026-03-13T10:29:29 IST" name="confiBC" finished-at="2026-03-13T10:29:34 IST" duration-ms="4476" status="PASS">
          <reporter-output>
          </reporter-output>
        </test-method> <!-- confiBC -->
        <test-method is-config="true" signature="configBM()[pri:0, instance:com.comcast.crm.orgtest.Pom.TestNGBAseClass.CreateOrganizationTest@2cd76f31]" started-at="2026-03-13T10:29:34 IST" name="configBM" finished-at="2026-03-13T10:29:40 IST" duration-ms="6111" status="PASS">
          <reporter-output>
          </reporter-output>
        </test-method> <!-- configBM -->
        <test-method signature="createOrganizationTest()[pri:0, instance:com.comcast.crm.orgtest.Pom.TestNGBAseClass.CreateOrganizationTest@2cd76f31]" started-at="2026-03-13T10:29:40 IST" name="createOrganizationTest" finished-at="2026-03-13T10:29:50 IST" duration-ms="10447" status="PASS">
          <reporter-output>
          </reporter-output>
        </test-method> <!-- createOrganizationTest -->
        <test-method is-config="true" signature="configAM()[pri:0, instance:com.comcast.crm.orgtest.Pom.TestNGBAseClass.CreateOrganizationTest@2cd76f31]" started-at="2026-03-13T10:29:50 IST" name="configAM" finished-at="2026-03-13T10:29:51 IST" duration-ms="1110" status="PASS">
          <reporter-output>
          </reporter-output>
        </test-method> <!-- configAM -->
        <test-method is-config="true" signature="configBM()[pri:0, instance:com.comcast.crm.orgtest.Pom.TestNGBAseClass.CreateOrganizationTest@2cd76f31]" started-at="2026-03-13T10:29:51 IST" name="configBM" finished-at="2026-03-13T10:29:53 IST" duration-ms="1974" status="PASS">
          <reporter-output>
          </reporter-output>
        </test-method> <!-- configBM -->
        <test-method signature="createOrganizationWithIndustrriesTest()[pri:0, instance:com.comcast.crm.orgtest.Pom.TestNGBAseClass.CreateOrganizationTest@2cd76f31]" started-at="2026-03-13T10:29:53 IST" name="createOrganizationWithIndustrriesTest" finished-at="2026-03-13T10:29:58 IST" duration-ms="4863" status="PASS">
          <reporter-output>
          </reporter-output>
        </test-method> <!-- createOrganizationWithIndustrriesTest -->
        <test-method is-config="true" signature="configAM()[pri:0, instance:com.comcast.crm.orgtest.Pom.TestNGBAseClass.CreateOrganizationTest@2cd76f31]" started-at="2026-03-13T10:29:58 IST" name="configAM" finished-at="2026-03-13T10:30:01 IST" duration-ms="2308" status="PASS">
          <reporter-output>
          </reporter-output>
        </test-method> <!-- configAM -->
        <test-method is-config="true" signature="configBM()[pri:0, instance:com.comcast.crm.orgtest.Pom.TestNGBAseClass.CreateOrganizationTest@2cd76f31]" started-at="2026-03-13T10:30:01 IST" name="configBM" finished-at="2026-03-13T10:30:03 IST" duration-ms="2061" status="PASS">
          <reporter-output>
          </reporter-output>
        </test-method> <!-- configBM -->
        <test-method signature="createOrganizationWithPhoneNumber()[pri:0, instance:com.comcast.crm.orgtest.Pom.TestNGBAseClass.CreateOrganizationTest@2cd76f31]" started-at="2026-03-13T10:30:03 IST" name="createOrganizationWithPhoneNumber" finished-at="2026-03-13T10:30:09 IST" duration-ms="6396" status="PASS">
          <reporter-output>
          </reporter-output>
        </test-method> <!-- createOrganizationWithPhoneNumber -->
        <test-method is-config="true" signature="configAM()[pri:0, instance:com.comcast.crm.orgtest.Pom.TestNGBAseClass.CreateOrganizationTest@2cd76f31]" started-at="2026-03-13T10:30:09 IST" name="configAM" finished-at="2026-03-13T10:30:10 IST" duration-ms="959" status="PASS">
          <reporter-output>
          </reporter-output>
        </test-method> <!-- configAM -->
        <test-method is-config="true" signature="confiAC()[pri:0, instance:com.comcast.crm.orgtest.Pom.TestNGBAseClass.CreateOrganizationTest@2cd76f31]" started-at="2026-03-13T10:30:10 IST" name="confiAC" finished-at="2026-03-13T10:30:11 IST" duration-ms="504" status="PASS">
          <reporter-output>
          </reporter-output>
        </test-method> <!-- confiAC -->
        <test-method is-config="true" signature="configAS()[pri:0, instance:com.comcast.crm.orgtest.Pom.TestNGBAseClass.CreateOrganizationTest@2cd76f31]" started-at="2026-03-13T10:30:11 IST" name="configAS" finished-at="2026-03-13T10:30:11 IST" duration-ms="0" status="PASS">
          <reporter-output>
          </reporter-output>
        </test-method> <!-- configAS -->
      </class> <!-- com.comcast.crm.orgtest.Pom.TestNGBAseClass.CreateOrganizationTest -->
    </test> <!-- Default test -->
  </suite> <!-- Default suite -->
</testng-results>
