<?xml version="1.0" encoding="UTF-8"?>
<!-- Generated by org.testng.reporters.JUnitReportReporter -->
<testsuite hostname="LAPTOP-OO0DI5VI" failures="0" tests="3" name="com.comcast.crm.orgtest.Pom.TestNGBAseClass.CreateOrganizationTest" time="36.229" errors="0" timestamp="2026-03-13T10:30:11 IST" skipped="0">
  <testcase classname="com.comcast.crm.orgtest.Pom.TestNGBAseClass.CreateOrganizationTest" name="createOrganizationTest" time="14.729"/>
  <testcase classname="com.comcast.crm.orgtest.Pom.TestNGBAseClass.CreateOrganizationTest" name="createOrganizationWithPhoneNumber" time="9.567"/>
  <testcase classname="com.comcast.crm.orgtest.Pom.TestNGBAseClass.CreateOrganizationTest" name="createOrganizationWithIndustrriesTest" time="11.933"/>
</testsuite> <!-- com.comcast.crm.orgtest.Pom.TestNGBAseClass.CreateOrganizationTest -->
