<?xml version="1.0" encoding="UTF-8"?>
<!-- Generated by org.testng.reporters.JUnitReportReporter -->
<testsuite hostname="LAPTOP-OO0DI5VI" failures="0" tests="3" name="com.comcast.crm.contacttest.POM.TestNGBAseClass.CreateContactTest" time="44.840" errors="0" timestamp="2026-03-17T15:54:33 IST" skipped="0">
  <testcase classname="com.comcast.crm.contacttest.POM.TestNGBAseClass.CreateContactTest" name="createContactWithOrganization" time="31.458"/>
  <testcase classname="com.comcast.crm.contacttest.POM.TestNGBAseClass.CreateContactTest" name="createContactWithSupportDateTest" time="5.540"/>
  <testcase classname="com.comcast.crm.contacttest.POM.TestNGBAseClass.CreateContactTest" name="createContactTest" time="7.842"/>
</testsuite> <!-- com.comcast.crm.contacttest.POM.TestNGBAseClass.CreateContactTest -->
