<?xml version="1.0" encoding="UTF-8"?>
<!-- Generated by org.testng.reporters.JUnitReportReporter -->
<testsuite hostname="LAPTOP-OO0DI5VI" failures="0" tests="1" name="com.comcast.crm.orgtest.Pom.TestNGBAseClass.ListnerClass.CreateOrganizationTest" time="15.297" errors="0" timestamp="2026-03-11T12:26:59 IST" skipped="0">
  <testcase classname="com.comcast.crm.orgtest.Pom.TestNGBAseClass.ListnerClass.CreateOrganizationTest" name="createOrganizationTest" time="15.297"/>
</testsuite> <!-- com.comcast.crm.orgtest.Pom.TestNGBAseClass.ListnerClass.CreateOrganizationTest -->
