<?xml version="1.0" encoding="UTF-8"?>
<!-- Generated by org.testng.reporters.JUnitReportReporter -->
<testsuite hostname="LAPTOP-OO0DI5VI" failures="0" tests="3" name="com.comcast.crm.contacttest.POM.TestNGBAseClass.CreateContactTest" time="23.804" errors="0" timestamp="2026-02-26T16:28:39 IST" skipped="0">
  <testcase classname="com.comcast.crm.contacttest.POM.TestNGBAseClass.CreateContactTest" name="createContactWithOrganization" time="9.833"/>
  <testcase classname="com.comcast.crm.contacttest.POM.TestNGBAseClass.CreateContactTest" name="createContactWithSupportDateTest" time="7.352"/>
  <testcase classname="com.comcast.crm.contacttest.POM.TestNGBAseClass.CreateContactTest" name="createContactTest" time="6.619"/>
</testsuite> <!-- com.comcast.crm.contacttest.POM.TestNGBAseClass.CreateContactTest -->
